<?xml version="1.0" encoding="UTF-8"?>
<testsuite name="idv.attendance.AttendanceApplicationTests" tests="1" skipped="0" failures="0" errors="0" timestamp="2022-10-02T03:34:41" hostname="YenchudeMBP" time="0.219">
  <properties/>
  <testcase name="findTimesheet()" classname="idv.attendance.AttendanceApplicationTests" time="0.219"/>
  <system-out><![CDATA[11:34:38.767 [Test worker] DEBUG org.springframework.test.context.BootstrapUtils - Instantiating CacheAwareContextLoaderDelegate from class [org.springframework.test.context.cache.DefaultCacheAwareContextLoaderDelegate]
11:34:38.773 [Test worker] DEBUG org.springframework.test.context.BootstrapUtils - Instantiating BootstrapContext using constructor [public org.springframework.test.context.support.DefaultBootstrapContext(java.lang.Class,org.springframework.test.context.CacheAwareContextLoaderDelegate)]
11:34:38.785 [Test worker] DEBUG org.springframework.test.context.BootstrapUtils - Instantiating TestContextBootstrapper for test class [idv.attendance.AttendanceApplicationTests] from class [org.springframework.boot.test.context.SpringBootTestContextBootstrapper]
11:34:38.796 [Test worker] INFO org.springframework.boot.test.context.SpringBootTestContextBootstrapper - Neither @ContextConfiguration nor @ContextHierarchy found for test class [idv.attendance.AttendanceApplicationTests], using SpringBootContextLoader
11:34:38.798 [Test worker] DEBUG org.springframework.test.context.support.AbstractContextLoader - Did not detect default resource location for test class [idv.attendance.AttendanceApplicationTests]: class path resource [idv/attendance/AttendanceApplicationTests-context.xml] does not exist
11:34:38.798 [Test worker] DEBUG org.springframework.test.context.support.AbstractContextLoader - Did not detect default resource location for test class [idv.attendance.AttendanceApplicationTests]: class path resource [idv/attendance/AttendanceApplicationTestsContext.groovy] does not exist
11:34:38.798 [Test worker] INFO org.springframework.test.context.support.AbstractContextLoader - Could not detect default resource locations for test class [idv.attendance.AttendanceApplicationTests]: no resource found for suffixes {-context.xml, Context.groovy}.
11:34:38.799 [Test worker] INFO org.springframework.test.context.support.AnnotationConfigContextLoaderUtils - Could not detect default configuration classes for test class [idv.attendance.AttendanceApplicationTests]: AttendanceApplicationTests does not declare any static, non-private, non-final, nested classes annotated with @Configuration.
11:34:38.814 [Test worker] DEBUG org.springframework.test.context.support.ActiveProfilesUtils - Could not find an 'annotation declaring class' for annotation type [org.springframework.test.context.ActiveProfiles] and class [idv.attendance.AttendanceApplicationTests]
11:34:38.839 [Test worker] DEBUG org.springframework.context.annotation.ClassPathScanningCandidateComponentProvider - Identified candidate component class: file [/Users/yenchu/git/project-be-andrew/build/classes/java/main/idv/attendance/AttendanceApplication.class]
11:34:38.839 [Test worker] INFO org.springframework.boot.test.context.SpringBootTestContextBootstrapper - Found @SpringBootConfiguration idv.attendance.AttendanceApplication for test class idv.attendance.AttendanceApplicationTests
11:34:38.875 [Test worker] DEBUG org.springframework.boot.test.context.SpringBootTestContextBootstrapper - @TestExecutionListeners is not present for class [idv.attendance.AttendanceApplicationTests]: using defaults.
11:34:38.875 [Test worker] INFO org.springframework.boot.test.context.SpringBootTestContextBootstrapper - Loaded default TestExecutionListener class names from location [META-INF/spring.factories]: [org.springframework.security.test.context.support.WithSecurityContextTestExecutionListener, org.springframework.security.test.context.support.ReactorContextTestExecutionListener, org.springframework.boot.test.autoconfigure.restdocs.RestDocsTestExecutionListener, org.springframework.boot.test.autoconfigure.web.client.MockRestServiceServerResetTestExecutionListener, org.springframework.boot.test.autoconfigure.web.servlet.MockMvcPrintOnlyOnFailureTestExecutionListener, org.springframework.boot.test.autoconfigure.web.servlet.WebDriverTestExecutionListener, org.springframework.boot.test.mock.mockito.MockitoTestExecutionListener, org.springframework.boot.test.mock.mockito.ResetMocksTestExecutionListener, org.springframework.test.context.web.ServletTestExecutionListener, org.springframework.test.context.support.DirtiesContextBeforeModesTestExecutionListener, org.springframework.test.context.support.DependencyInjectionTestExecutionListener, org.springframework.test.context.support.DirtiesContextTestExecutionListener, org.springframework.test.context.transaction.TransactionalTestExecutionListener, org.springframework.test.context.jdbc.SqlScriptsTestExecutionListener, org.springframework.test.context.event.EventPublishingTestExecutionListener]
11:34:38.882 [Test worker] INFO org.springframework.boot.test.context.SpringBootTestContextBootstrapper - Using TestExecutionListeners: [org.springframework.test.context.web.ServletTestExecutionListener@43fbdb69, org.springframework.test.context.support.DirtiesContextBeforeModesTestExecutionListener@513d8c63, org.springframework.boot.test.mock.mockito.MockitoTestExecutionListener@1772e4b8, org.springframework.boot.test.autoconfigure.SpringBootDependencyInjectionTestExecutionListener@637797fd, org.springframework.test.context.support.DirtiesContextTestExecutionListener@7eca3869, org.springframework.test.context.transaction.TransactionalTestExecutionListener@43a9fd47, org.springframework.test.context.jdbc.SqlScriptsTestExecutionListener@437e86ae, org.springframework.security.test.context.support.WithSecurityContextTestExecutionListener@1ce92943, org.springframework.test.context.event.EventPublishingTestExecutionListener@33cf43c7, org.springframework.security.test.context.support.ReactorContextTestExecutionListener@3f80d33c, org.springframework.boot.test.autoconfigure.restdocs.RestDocsTestExecutionListener@8fc7994, org.springframework.boot.test.autoconfigure.web.client.MockRestServiceServerResetTestExecutionListener@5d8afaf9, org.springframework.boot.test.autoconfigure.web.servlet.MockMvcPrintOnlyOnFailureTestExecutionListener@14925bf4, org.springframework.boot.test.autoconfigure.web.servlet.WebDriverTestExecutionListener@2d326369, org.springframework.boot.test.mock.mockito.ResetMocksTestExecutionListener@46698f82]
11:34:38.884 [Test worker] DEBUG org.springframework.test.context.support.AbstractDirtiesContextTestExecutionListener - Before test class: context [DefaultTestContext@5886597e testClass = AttendanceApplicationTests, testInstance = [null], testMethod = [null], testException = [null], mergedContextConfiguration = [WebMergedContextConfiguration@576fea8d testClass = AttendanceApplicationTests, locations = '{}', classes = '{class idv.attendance.AttendanceApplication}', contextInitializerClasses = '[]', activeProfiles = '{}', propertySourceLocations = '{}', propertySourceProperties = '{org.springframework.boot.test.context.SpringBootTestContextBootstrapper=true}', contextCustomizers = set[org.springframework.boot.test.autoconfigure.properties.PropertyMappingContextCustomizer@0, org.springframework.boot.test.autoconfigure.web.servlet.WebDriverContextCustomizerFactory$Customizer@40889341, org.springframework.boot.test.context.filter.ExcludeFilterContextCustomizer@4118af95, org.springframework.boot.test.json.DuplicateJsonObjectContextCustomizerFactory$DuplicateJsonObjectContextCustomizer@1f721d00, org.springframework.boot.test.mock.mockito.MockitoContextCustomizer@0, org.springframework.boot.test.web.client.TestRestTemplateContextCustomizer@5931adb9, org.springframework.boot.test.context.SpringBootTestArgs@1], resourceBasePath = 'src/main/webapp', contextLoader = 'org.springframework.boot.test.context.SpringBootContextLoader', parent = [null]], attributes = map['org.springframework.test.context.web.ServletTestExecutionListener.activateListener' -> true]], class annotated with @DirtiesContext [false] with mode [null].
11:34:38.894 [Test worker] DEBUG org.springframework.test.context.support.TestPropertySourceUtils - Adding inlined properties to environment: {spring.jmx.enabled=false, org.springframework.boot.test.context.SpringBootTestContextBootstrapper=true, server.port=-1}

  .   ____          _            __ _ _
 /\\ / ___'_ __ _ _(_)_ __  __ _ \ \ \ \
( ( )\___ | '_ | '_| | '_ \/ _` | \ \ \ \
 \\/  ___)| |_)| | | | | || (_| |  ) ) ) )
  '  |____| .__|_| |_|_| |_\__, | / / / /
 =========|_|==============|___/=/_/_/_/
 :: Spring Boot ::        (v2.2.7.RELEASE)

2022-10-02 11:34:39.036  INFO 3806 --- [    Test worker] i.attendance.AttendanceApplicationTests  : Starting AttendanceApplicationTests on YenchudeMBP with PID 3806 (started by yenchu in /Users/yenchu/git/project-be-andrew)
2022-10-02 11:34:39.037  INFO 3806 --- [    Test worker] i.attendance.AttendanceApplicationTests  : No active profile set, falling back to default profiles: default
2022-10-02 11:34:39.443  INFO 3806 --- [    Test worker] .s.d.r.c.RepositoryConfigurationDelegate : Bootstrapping Spring Data JPA repositories in DEFAULT mode.
2022-10-02 11:34:39.481  INFO 3806 --- [    Test worker] .s.d.r.c.RepositoryConfigurationDelegate : Finished Spring Data repository scanning in 34ms. Found 2 JPA repository interfaces.
2022-10-02 11:34:39.721  INFO 3806 --- [    Test worker] trationDelegate$BeanPostProcessorChecker : Bean 'org.springframework.security.access.expression.method.DefaultMethodSecurityExpressionHandler@475a712e' of type [org.springframework.security.access.expression.method.DefaultMethodSecurityExpressionHandler] is not eligible for getting processed by all BeanPostProcessors (for example: not eligible for auto-proxying)
2022-10-02 11:34:39.727  INFO 3806 --- [    Test worker] trationDelegate$BeanPostProcessorChecker : Bean 'methodSecurityMetadataSource' of type [org.springframework.security.access.method.DelegatingMethodSecurityMetadataSource] is not eligible for getting processed by all BeanPostProcessors (for example: not eligible for auto-proxying)
2022-10-02 11:34:39.778  INFO 3806 --- [    Test worker] com.zaxxer.hikari.HikariDataSource       : HikariPool-1 - Starting...
2022-10-02 11:34:39.865  INFO 3806 --- [    Test worker] com.zaxxer.hikari.HikariDataSource       : HikariPool-1 - Start completed.
2022-10-02 11:34:39.976  INFO 3806 --- [    Test worker] o.hibernate.jpa.internal.util.LogHelper  : HHH000204: Processing PersistenceUnitInfo [name: default]
2022-10-02 11:34:40.007  INFO 3806 --- [    Test worker] org.hibernate.Version                    : HHH000412: Hibernate ORM core version 5.4.15.Final
2022-10-02 11:34:40.102  INFO 3806 --- [    Test worker] o.hibernate.annotations.common.Version   : HCANN000001: Hibernate Commons Annotations {5.1.0.Final}
2022-10-02 11:34:40.163  INFO 3806 --- [    Test worker] org.hibernate.dialect.Dialect            : HHH000400: Using dialect: org.hibernate.dialect.H2Dialect
2022-10-02 11:34:40.500  INFO 3806 --- [    Test worker] o.h.e.t.j.p.i.JtaPlatformInitiator       : HHH000490: Using JtaPlatform implementation: [org.hibernate.engine.transaction.jta.platform.internal.NoJtaPlatform]
2022-10-02 11:34:40.504  INFO 3806 --- [    Test worker] j.LocalContainerEntityManagerFactoryBean : Initialized JPA EntityManagerFactory for persistence unit 'default'
2022-10-02 11:34:41.299  INFO 3806 --- [    Test worker] o.s.s.web.DefaultSecurityFilterChain     : Creating filter chain: any request, [org.springframework.security.web.context.request.async.WebAsyncManagerIntegrationFilter@55db7781, org.springframework.security.web.context.SecurityContextPersistenceFilter@1cca38ae, org.springframework.security.web.header.HeaderWriterFilter@5e2bbebd, org.springframework.security.web.authentication.logout.LogoutFilter@5613787f, org.springframework.security.web.authentication.UsernamePasswordAuthenticationFilter@6d7e4411, org.springframework.security.web.authentication.ui.DefaultLoginPageGeneratingFilter@6123bcc2, org.springframework.security.web.authentication.ui.DefaultLogoutPageGeneratingFilter@183ea9ef, org.springframework.security.web.savedrequest.RequestCacheAwareFilter@7eaaefe8, org.springframework.security.web.servletapi.SecurityContextHolderAwareRequestFilter@6ace38a2, org.springframework.security.web.authentication.AnonymousAuthenticationFilter@4b330b20, org.springframework.security.web.session.SessionManagementFilter@183b1337, org.springframework.security.web.access.ExceptionTranslationFilter@16b34063, org.springframework.security.web.access.intercept.FilterSecurityInterceptor@234c69c6]
2022-10-02 11:34:41.449  INFO 3806 --- [    Test worker] o.s.b.a.h2.H2ConsoleAutoConfiguration    : H2 console available at '/h2-console'. Database available at 'jdbc:h2:mem:testdb'
2022-10-02 11:34:41.688  INFO 3806 --- [    Test worker] i.attendance.AttendanceApplicationTests  : Started AttendanceApplicationTests in 2.789 seconds (JVM running for 3.325)
Hibernate: insert into attendance (attendance_id, active_time, break_time, clock_in_time, clock_out_time, company_id, user_id) values (null, ?, ?, ?, ?, ?, ?)
Hibernate: insert into break (break_id, attendance_id, company_id, end_time, start_time, user_id) values (null, ?, ?, ?, ?, ?)
Hibernate: insert into attendance (attendance_id, active_time, break_time, clock_in_time, clock_out_time, company_id, user_id) values (null, ?, ?, ?, ?, ?, ?)
Hibernate: insert into break (break_id, attendance_id, company_id, end_time, start_time, user_id) values (null, ?, ?, ?, ?, ?)
Hibernate: insert into break (break_id, attendance_id, company_id, end_time, start_time, user_id) values (null, ?, ?, ?, ?, ?)
Hibernate: insert into break (break_id, attendance_id, company_id, end_time, start_time, user_id) values (null, ?, ?, ?, ?, ?)
Hibernate: insert into attendance (attendance_id, active_time, break_time, clock_in_time, clock_out_time, company_id, user_id) values (null, ?, ?, ?, ?, ?, ?)
Hibernate: insert into break (break_id, attendance_id, company_id, end_time, start_time, user_id) values (null, ?, ?, ?, ?, ?)
Hibernate: insert into attendance (attendance_id, active_time, break_time, clock_in_time, clock_out_time, company_id, user_id) values (null, ?, ?, ?, ?, ?, ?)
Hibernate: insert into break (break_id, attendance_id, company_id, end_time, start_time, user_id) values (null, ?, ?, ?, ?, ?)
2022-10-02 11:34:41.825  INFO 3806 --- [    Test worker] i.a.service.impl.TimesheetServiceImpl    : timesheet query startDate: 2022-09-08T00:00+08:00, endDate: 2022-09-10T00:00+08:00
Hibernate: select attendance0_.attendance_id as col_0_0_ from attendance attendance0_ where attendance0_.company_id=? and (attendance0_.clock_in_time between ? and ?) order by attendance0_.clock_in_time desc limit ?
Hibernate: select count(attendance0_.attendance_id) as col_0_0_ from attendance attendance0_ where attendance0_.company_id=? and (attendance0_.clock_in_time between ? and ?)
Hibernate: select attendance0_.attendance_id as attendan1_0_0_, breaks1_.break_id as break_id1_1_1_, attendance0_.active_time as active_t2_0_0_, attendance0_.break_time as break_ti3_0_0_, attendance0_.clock_in_time as clock_in4_0_0_, attendance0_.clock_out_time as clock_ou5_0_0_, attendance0_.company_id as company_6_0_0_, attendance0_.user_id as user_id7_0_0_, breaks1_.attendance_id as attendan6_1_1_, breaks1_.company_id as company_2_1_1_, breaks1_.end_time as end_time3_1_1_, breaks1_.start_time as start_ti4_1_1_, breaks1_.user_id as user_id5_1_1_, breaks1_.attendance_id as attendan6_1_0__, breaks1_.break_id as break_id1_1_0__ from attendance attendance0_ left outer join break breaks1_ on attendance0_.attendance_id=breaks1_.attendance_id where attendance0_.attendance_id in (? , ?) order by attendance0_.clock_in_time desc
Hibernate: SELECT user_id as userId, name as name FROM user u WHERE u.user_id IN (?, ?)
2022-10-02 11:34:41.944  INFO 3806 --- [    Test worker] i.a.service.impl.TimesheetServiceImpl    : timesheet query startDate: 2022-09-08T00:00+08:00, endDate: 2022-09-10T00:00+08:00
Hibernate: select attendance0_.attendance_id as col_0_0_ from attendance attendance0_ where attendance0_.company_id=? and (attendance0_.clock_in_time between ? and ?) order by attendance0_.clock_in_time desc limit ? offset ?
Hibernate: select attendance0_.attendance_id as attendan1_0_0_, breaks1_.break_id as break_id1_1_1_, attendance0_.active_time as active_t2_0_0_, attendance0_.break_time as break_ti3_0_0_, attendance0_.clock_in_time as clock_in4_0_0_, attendance0_.clock_out_time as clock_ou5_0_0_, attendance0_.company_id as company_6_0_0_, attendance0_.user_id as user_id7_0_0_, breaks1_.attendance_id as attendan6_1_1_, breaks1_.company_id as company_2_1_1_, breaks1_.end_time as end_time3_1_1_, breaks1_.start_time as start_ti4_1_1_, breaks1_.user_id as user_id5_1_1_, breaks1_.attendance_id as attendan6_1_0__, breaks1_.break_id as break_id1_1_0__ from attendance attendance0_ left outer join break breaks1_ on attendance0_.attendance_id=breaks1_.attendance_id where attendance0_.attendance_id in (?) order by attendance0_.clock_in_time desc
Hibernate: SELECT user_id as userId, name as name FROM user u WHERE u.user_id IN (?)
]]></system-out>
  <system-err><![CDATA[]]></system-err>
</testsuite>
